<?xml version="1.0" encoding="UTF-8"?>
<!-- Generated by org.testng.reporters.JUnitReportReporter -->
<testsuite skipped="0" hostname="Soumyansh-PC" name="runner.Runner" tests="2" failures="0" timestamp="15 Jul 2018 10:37:26 GMT" time="87.491" errors="0">
  <testcase name="feature" time="43.559" classname="runner.Runner"/>
  <testcase name="feature" time="43.932" classname="runner.Runner"/>
</testsuite> <!-- runner.Runner -->
