<?xml version="1.0" encoding="UTF-8"?>
<!-- Generated by org.testng.reporters.JUnitReportReporter -->
<testsuite skipped="0" hostname="Soumyansh-PC" name="runner.Runner" tests="2" failures="0" timestamp="15 Jul 2018 09:31:18 GMT" time="75.286" errors="0">
  <testcase name="feature" time="39.574" classname="runner.Runner"/>
  <testcase name="feature" time="35.712" classname="runner.Runner"/>
</testsuite> <!-- runner.Runner -->
